0 info it worked if it ends with ok
1 verbose cli [ 'node',
1 verbose cli   '/Users/dthompson/.nvm/v0.10.38/bin/npm',
1 verbose cli   'build',
1 verbose cli   'rally-i18n' ]
2 info using npm@2.14.7
3 info using node@v0.10.38
4 info build /Users/dthompson/projects/rally-present/rally-i18n
5 verbose stack Error: ENOENT, open '/Users/dthompson/projects/rally-present/rally-i18n/package.json'
6 verbose cwd /Users/dthompson/projects/rally-present
7 error Darwin 14.5.0
8 error argv "node" "/Users/dthompson/.nvm/v0.10.38/bin/npm" "build" "rally-i18n"
9 error node v0.10.38
10 error npm  v2.14.7
11 error path /Users/dthompson/projects/rally-present/rally-i18n/package.json
12 error code ENOENT
13 error errno 34
14 error enoent ENOENT, open '/Users/dthompson/projects/rally-present/rally-i18n/package.json'
14 error enoent This is most likely not a problem with npm itself
14 error enoent and is related to npm not being able to find a file.
15 verbose exit [ 34, true ]
